-------------------------------------------------------------------------------
Test set: com.ou.testJdbc.BusTestSuite
-------------------------------------------------------------------------------
Tests run: 4, Failures: 1, Errors: 0, Skipped: 0, Time elapsed: 1.289 s <<< FAILURE! - in com.ou.testJdbc.BusTestSuite
testBusNotEnoughSeat  Time elapsed: 0.113 s  <<< FAILURE!
org.opentest4j.AssertionFailedError: expected: <2> but was: <1>
	at com.ou.oubusmanager/com.ou.testJdbc.BusTestSuite.testBusNotEnoughSeat(BusTestSuite.java:72)

