-------------------------------------------------------------------------------
Test set: com.ou.testJdbc.TicketTestSuite
-------------------------------------------------------------------------------
Tests run: 6, Failures: 1, Errors: 0, Skipped: 0, Time elapsed: 0.758 s <<< FAILURE! - in com.ou.testJdbc.TicketTestSuite
testSetTicket  Time elapsed: 0.064 s  <<< FAILURE!
org.opentest4j.AssertionFailedError: Expected java.sql.SQLException to be thrown, but nothing was thrown.
	at com.ou.oubusmanager/com.ou.testJdbc.TicketTestSuite.testSetTicket(TicketTestSuite.java:116)

